2021-01-06 08:55:57.400 [http-nio-80-exec-2] DEBUG com.yao.system.dao.UserDao.getUsers - ==>  Preparing: select u.id,u.username,u.nickname,u.dept_id,d.dept_name, u.sex,u.email,u.phone,u.remark,u.status, u1.nickname as create_name,u.create_time, u2.nickname as update_name,u.update_time from sys_user u left join sys_dept d on u.dept_id=d.dept_id left join sys_user u1 on u.create_by=u1.id left join sys_user u2 on u.update_by=u2.id 
2021-01-06 08:55:57.413 [http-nio-80-exec-2] DEBUG com.yao.system.dao.UserDao.getUsers - ==> Parameters: 
2021-01-06 08:55:57.424 [http-nio-80-exec-2] DEBUG com.yao.system.dao.UserDao.getUsers - <==      Total: 6
2021-01-06 08:55:57.445 [http-nio-80-exec-2] DEBUG com.yao.system.dao.ActionLogDao.addActionLog - ==>  Preparing: insert into sys_action_log ( name, ipaddr, clazz, method, message, create_time ) values ( ?, ?, ?, ?, ?, sysdate() ) 
2021-01-06 08:55:57.446 [http-nio-80-exec-2] DEBUG com.yao.system.dao.ActionLogDao.addActionLog - ==> Parameters: 查询用户信息列表(String), 0:0:0:0:0:0:0:1(String), com.yao.system.controller.UserController(String), list(String), 查询用户信息列表成功(String)
2021-01-06 08:55:57.447 [http-nio-80-exec-2] DEBUG com.yao.system.dao.ActionLogDao.addActionLog - <==    Updates: 1
2021-01-06 08:57:16.461 [http-nio-80-exec-6] DEBUG com.yao.system.dao.UserDao.getUserByName - ==>  Preparing: select * from sys_user where username=? 
2021-01-06 08:57:16.461 [http-nio-80-exec-6] DEBUG com.yao.system.dao.UserDao.getUserByName - ==> Parameters: admin(String)
2021-01-06 08:57:16.463 [http-nio-80-exec-6] DEBUG com.yao.system.dao.UserDao.getUserByName - <==      Total: 1
2021-01-06 08:57:16.471 [http-nio-80-exec-6] DEBUG com.yao.system.dao.UserDao.getUserByName - ==>  Preparing: select * from sys_user where username=? 
2021-01-06 08:57:16.471 [http-nio-80-exec-6] DEBUG com.yao.system.dao.UserDao.getUserByName - ==> Parameters: admin(String)
2021-01-06 08:57:16.472 [http-nio-80-exec-6] DEBUG com.yao.system.dao.UserDao.getUserByName - <==      Total: 1
2021-01-06 08:57:16.483 [http-nio-80-exec-6] DEBUG com.yao.system.dao.LoginInfoDao.addLoginInfo - ==>  Preparing: insert into sys_login_info ( login_account, login_name, ipaddr, browser, os, status, msg, login_time ) values ( ?, ?, ?, ?, ?, ?, ?, sysdate() ) 
2021-01-06 08:57:16.483 [http-nio-80-exec-6] DEBUG com.yao.system.dao.LoginInfoDao.addLoginInfo - ==> Parameters: admin(String), 超级管理员(String), 0:0:0:0:0:0:0:1(String), Unknown(String), Unknown(String), 失败(String), 密码输入错误(String)
2021-01-06 08:57:16.485 [http-nio-80-exec-6] DEBUG com.yao.system.dao.LoginInfoDao.addLoginInfo - <==    Updates: 1
2021-01-06 08:57:16.485 [http-nio-80-exec-6] DEBUG com.yao.system.dao.ActionLogDao.addActionLog - ==>  Preparing: insert into sys_action_log ( name, ipaddr, clazz, method, message, create_time ) values ( ?, ?, ?, ?, ?, sysdate() ) 
2021-01-06 08:57:16.486 [http-nio-80-exec-6] DEBUG com.yao.system.dao.ActionLogDao.addActionLog - ==> Parameters: 用户登录(String), 0:0:0:0:0:0:0:1(String), com.yao.system.controller.UserController(String), login(String), 用户登录失败：密码输入错误(String)
2021-01-06 08:57:16.487 [http-nio-80-exec-6] DEBUG com.yao.system.dao.ActionLogDao.addActionLog - <==    Updates: 1
2021-01-06 08:57:27.634 [http-nio-80-exec-7] DEBUG com.yao.system.dao.UserDao.getUserByName - ==>  Preparing: select * from sys_user where username=? 
2021-01-06 08:57:27.634 [http-nio-80-exec-7] DEBUG com.yao.system.dao.UserDao.getUserByName - ==> Parameters: admin(String)
2021-01-06 08:57:27.635 [http-nio-80-exec-7] DEBUG com.yao.system.dao.UserDao.getUserByName - <==      Total: 1
2021-01-06 08:57:27.637 [http-nio-80-exec-7] DEBUG com.yao.system.dao.UserDao.getUserByName - ==>  Preparing: select * from sys_user where username=? 
2021-01-06 08:57:27.637 [http-nio-80-exec-7] DEBUG com.yao.system.dao.UserDao.getUserByName - ==> Parameters: admin(String)
2021-01-06 08:57:27.637 [http-nio-80-exec-7] DEBUG com.yao.system.dao.UserDao.getUserByName - <==      Total: 1
2021-01-06 08:57:27.638 [http-nio-80-exec-7] DEBUG com.yao.system.dao.LoginInfoDao.addLoginInfo - ==>  Preparing: insert into sys_login_info ( login_account, login_name, ipaddr, browser, os, status, msg, login_time ) values ( ?, ?, ?, ?, ?, ?, ?, sysdate() ) 
2021-01-06 08:57:27.639 [http-nio-80-exec-7] DEBUG com.yao.system.dao.LoginInfoDao.addLoginInfo - ==> Parameters: admin(String), 超级管理员(String), 0:0:0:0:0:0:0:1(String), Unknown(String), Unknown(String), 失败(String), 密码输入错误(String)
2021-01-06 08:57:27.639 [http-nio-80-exec-7] DEBUG com.yao.system.dao.LoginInfoDao.addLoginInfo - <==    Updates: 1
2021-01-06 08:57:27.640 [http-nio-80-exec-7] DEBUG com.yao.system.dao.ActionLogDao.addActionLog - ==>  Preparing: insert into sys_action_log ( name, ipaddr, clazz, method, message, create_time ) values ( ?, ?, ?, ?, ?, sysdate() ) 
2021-01-06 08:57:27.641 [http-nio-80-exec-7] DEBUG com.yao.system.dao.ActionLogDao.addActionLog - ==> Parameters: 用户登录(String), 0:0:0:0:0:0:0:1(String), com.yao.system.controller.UserController(String), login(String), 用户登录失败：密码输入错误(String)
2021-01-06 08:57:27.642 [http-nio-80-exec-7] DEBUG com.yao.system.dao.ActionLogDao.addActionLog - <==    Updates: 1
2021-01-06 08:57:35.321 [http-nio-80-exec-8] DEBUG com.yao.system.dao.UserDao.getUserByName - ==>  Preparing: select * from sys_user where username=? 
2021-01-06 08:57:35.322 [http-nio-80-exec-8] DEBUG com.yao.system.dao.UserDao.getUserByName - ==> Parameters: admin(String)
2021-01-06 08:57:35.323 [http-nio-80-exec-8] DEBUG com.yao.system.dao.UserDao.getUserByName - <==      Total: 1
2021-01-06 08:57:35.324 [http-nio-80-exec-8] DEBUG com.yao.system.dao.UserDao.getUserByName - ==>  Preparing: select * from sys_user where username=? 
2021-01-06 08:57:35.324 [http-nio-80-exec-8] DEBUG com.yao.system.dao.UserDao.getUserByName - ==> Parameters: admin(String)
2021-01-06 08:57:35.325 [http-nio-80-exec-8] DEBUG com.yao.system.dao.UserDao.getUserByName - <==      Total: 1
2021-01-06 08:57:35.326 [http-nio-80-exec-8] DEBUG com.yao.system.dao.LoginInfoDao.addLoginInfo - ==>  Preparing: insert into sys_login_info ( login_account, login_name, ipaddr, browser, os, status, msg, login_time ) values ( ?, ?, ?, ?, ?, ?, ?, sysdate() ) 
2021-01-06 08:57:35.326 [http-nio-80-exec-8] DEBUG com.yao.system.dao.LoginInfoDao.addLoginInfo - ==> Parameters: admin(String), 超级管理员(String), 0:0:0:0:0:0:0:1(String), Unknown(String), Unknown(String), 失败(String), 密码输入错误(String)
2021-01-06 08:57:35.328 [http-nio-80-exec-8] DEBUG com.yao.system.dao.LoginInfoDao.addLoginInfo - <==    Updates: 1
2021-01-06 08:57:35.328 [http-nio-80-exec-8] DEBUG com.yao.system.dao.ActionLogDao.addActionLog - ==>  Preparing: insert into sys_action_log ( name, ipaddr, clazz, method, message, create_time ) values ( ?, ?, ?, ?, ?, sysdate() ) 
2021-01-06 08:57:35.329 [http-nio-80-exec-8] DEBUG com.yao.system.dao.ActionLogDao.addActionLog - ==> Parameters: 用户登录(String), 0:0:0:0:0:0:0:1(String), com.yao.system.controller.UserController(String), login(String), 用户登录失败：密码输入错误(String)
2021-01-06 08:57:35.330 [http-nio-80-exec-8] DEBUG com.yao.system.dao.ActionLogDao.addActionLog - <==    Updates: 1
2021-01-06 08:58:05.092 [http-nio-80-exec-9] DEBUG com.yao.system.dao.UserDao.getUserByName - ==>  Preparing: select * from sys_user where username=? 
2021-01-06 08:58:05.092 [http-nio-80-exec-9] DEBUG com.yao.system.dao.UserDao.getUserByName - ==> Parameters: admin(String)
2021-01-06 08:58:05.093 [http-nio-80-exec-9] DEBUG com.yao.system.dao.UserDao.getUserByName - <==      Total: 1
2021-01-06 08:58:05.095 [http-nio-80-exec-9] DEBUG com.yao.system.dao.UserDao.getUserByName - ==>  Preparing: select * from sys_user where username=? 
2021-01-06 08:58:05.095 [http-nio-80-exec-9] DEBUG com.yao.system.dao.UserDao.getUserByName - ==> Parameters: admin(String)
2021-01-06 08:58:05.096 [http-nio-80-exec-9] DEBUG com.yao.system.dao.UserDao.getUserByName - <==      Total: 1
2021-01-06 08:58:05.098 [http-nio-80-exec-9] DEBUG com.yao.system.dao.LoginInfoDao.addLoginInfo - ==>  Preparing: insert into sys_login_info ( login_account, login_name, ipaddr, browser, os, status, msg, login_time ) values ( ?, ?, ?, ?, ?, ?, ?, sysdate() ) 
2021-01-06 08:58:05.099 [http-nio-80-exec-9] DEBUG com.yao.system.dao.LoginInfoDao.addLoginInfo - ==> Parameters: admin(String), 超级管理员(String), 0:0:0:0:0:0:0:1(String), Unknown(String), Unknown(String), 失败(String), 密码输入错误(String)
2021-01-06 08:58:05.100 [http-nio-80-exec-9] DEBUG com.yao.system.dao.LoginInfoDao.addLoginInfo - <==    Updates: 1
2021-01-06 08:58:05.102 [http-nio-80-exec-9] DEBUG com.yao.system.dao.ActionLogDao.addActionLog - ==>  Preparing: insert into sys_action_log ( name, ipaddr, clazz, method, message, create_time ) values ( ?, ?, ?, ?, ?, sysdate() ) 
2021-01-06 08:58:05.102 [http-nio-80-exec-9] DEBUG com.yao.system.dao.ActionLogDao.addActionLog - ==> Parameters: 用户登录(String), 0:0:0:0:0:0:0:1(String), com.yao.system.controller.UserController(String), login(String), 用户登录失败：密码输入错误(String)
2021-01-06 08:58:05.103 [http-nio-80-exec-9] DEBUG com.yao.system.dao.ActionLogDao.addActionLog - <==    Updates: 1
2021-01-06 09:00:11.406 [http-nio-80-exec-8] DEBUG com.yao.system.dao.UserDao.editPwd - ==>  Preparing: update sys_user set password=?,salt=? where id=? 
2021-01-06 09:00:11.407 [http-nio-80-exec-8] DEBUG com.yao.system.dao.UserDao.editPwd - ==> Parameters: f0fc6b9aed5c5bc693848996b72a86b6(String), cTB5^%oz(String), 1(Integer)
2021-01-06 09:00:11.408 [http-nio-80-exec-8] DEBUG com.yao.system.dao.UserDao.editPwd - <==    Updates: 1
2021-01-06 09:00:11.409 [http-nio-80-exec-8] DEBUG com.yao.system.dao.ActionLogDao.addActionLog - ==>  Preparing: insert into sys_action_log ( name, ipaddr, clazz, method, message, create_time ) values ( ?, ?, ?, ?, ?, sysdate() ) 
2021-01-06 09:00:11.409 [http-nio-80-exec-8] DEBUG com.yao.system.dao.ActionLogDao.addActionLog - ==> Parameters: 修改用户密码(String), 0:0:0:0:0:0:0:1(String), com.yao.system.controller.UserController(String), otherpwd(String), 修改用户密码成功(String)
2021-01-06 09:00:11.410 [http-nio-80-exec-8] DEBUG com.yao.system.dao.ActionLogDao.addActionLog - <==    Updates: 1
2021-01-06 09:00:27.946 [http-nio-80-exec-9] DEBUG com.yao.system.dao.UserDao.getUserByName - ==>  Preparing: select * from sys_user where username=? 
2021-01-06 09:00:27.946 [http-nio-80-exec-9] DEBUG com.yao.system.dao.UserDao.getUserByName - ==> Parameters: admin(String)
2021-01-06 09:00:27.947 [http-nio-80-exec-9] DEBUG com.yao.system.dao.UserDao.getUserByName - <==      Total: 1
2021-01-06 09:00:27.948 [http-nio-80-exec-9] DEBUG com.yao.system.dao.UserDao.getUserByName - ==>  Preparing: select * from sys_user where username=? 
2021-01-06 09:00:27.948 [http-nio-80-exec-9] DEBUG com.yao.system.dao.UserDao.getUserByName - ==> Parameters: admin(String)
2021-01-06 09:00:27.950 [http-nio-80-exec-9] DEBUG com.yao.system.dao.UserDao.getUserByName - <==      Total: 1
2021-01-06 09:00:27.950 [http-nio-80-exec-9] DEBUG com.yao.system.dao.LoginInfoDao.addLoginInfo - ==>  Preparing: insert into sys_login_info ( login_account, login_name, ipaddr, browser, os, status, msg, login_time ) values ( ?, ?, ?, ?, ?, ?, ?, sysdate() ) 
2021-01-06 09:00:27.950 [http-nio-80-exec-9] DEBUG com.yao.system.dao.LoginInfoDao.addLoginInfo - ==> Parameters: admin(String), 超级管理员(String), 0:0:0:0:0:0:0:1(String), Unknown(String), Unknown(String), 成功(String), 用户登陆成功(String)
2021-01-06 09:00:27.952 [http-nio-80-exec-9] DEBUG com.yao.system.dao.LoginInfoDao.addLoginInfo - <==    Updates: 1
2021-01-06 09:00:27.952 [http-nio-80-exec-9] DEBUG com.yao.system.dao.ActionLogDao.addActionLog - ==>  Preparing: insert into sys_action_log ( name, ipaddr, clazz, method, message, oper_by, create_time ) values ( ?, ?, ?, ?, ?, ?, sysdate() ) 
2021-01-06 09:00:27.952 [http-nio-80-exec-9] DEBUG com.yao.system.dao.ActionLogDao.addActionLog - ==> Parameters: 用户登录(String), 0:0:0:0:0:0:0:1(String), com.yao.system.controller.UserController(String), login(String), 用户登录成功(String), 超级管理员(String)
2021-01-06 09:00:27.953 [http-nio-80-exec-9] DEBUG com.yao.system.dao.ActionLogDao.addActionLog - <==    Updates: 1
